<?xml version="1.0" encoding="UTF-8"?>
<robot generator="Robot 5.0.1 (Python 3.10.2 on win32)" generated="20220805 15:25:58.223" rpa="false" schemaversion="3">
<suite id="s1" name="Suites">
<suite id="s1-s1" name="Verify Invalidcredential Suite Copy" source="D:\Mine\Company\Ericsson3\orange_hrm_framework\sample_suite\verify_invalidcredential_suite copy.robot">
<test id="s1-s1-t1" name="TC1" line="12">
<kw name="Launch Browser" library="CommonFunctionalities" type="SETUP">
<kw name="Get Driver Path" library="DriverSetup">
<var>${exec_path}</var>
<arg>browser_name=${BROWSER_NAME}</arg>
<msg timestamp="20220805 15:25:58.659" level="INFO">
</msg>
<msg timestamp="20220805 15:25:58.659" level="INFO">====== WebDriver manager ======</msg>
<msg timestamp="20220805 15:25:59.566" level="INFO">====== WebDriver manager ======</msg>
<status status="FAIL" starttime="20220805 15:25:58.658" endtime="20220805 15:25:59.566"/>
</kw>
<kw name="Open Browser" library="SeleniumLibrary">
<arg>browser=${BROWSER_NAME}</arg>
<arg>executable_path=${exec_path}</arg>
<doc>Opens a new browser instance to the optional ``url``.</doc>
<status status="NOT RUN" starttime="20220805 15:25:59.567" endtime="20220805 15:25:59.567"/>
</kw>
<kw name="Maximize Browser Window" library="SeleniumLibrary">
<doc>Maximizes current browser window.</doc>
<status status="NOT RUN" starttime="20220805 15:25:59.567" endtime="20220805 15:25:59.567"/>
</kw>
<kw name="Set Selenium Implicit Wait" library="SeleniumLibrary">
<arg>30s</arg>
<doc>Sets the implicit wait value used by Selenium.</doc>
<status status="NOT RUN" starttime="20220805 15:25:59.568" endtime="20220805 15:25:59.568"/>
</kw>
<kw name="Set Screenshot Directory" library="SeleniumLibrary">
<arg>path=${EXECDIR}${/}screenshot</arg>
<doc>Sets the directory for captured screenshots.</doc>
<status status="NOT RUN" starttime="20220805 15:25:59.568" endtime="20220805 15:25:59.568"/>
</kw>
<kw name="Go To" library="SeleniumLibrary">
<arg>url=${URL}</arg>
<doc>Navigates the current browser window to the provided ``url``.</doc>
<status status="NOT RUN" starttime="20220805 15:25:59.569" endtime="20220805 15:25:59.569"/>
</kw>
<status status="FAIL" starttime="20220805 15:25:58.657" endtime="20220805 15:25:59.569"/>
</kw>
<kw name="Close Browser" library="SeleniumLibrary" type="TEARDOWN">
<doc>Closes the current browser.</doc>
<status status="PASS" starttime="20220805 15:25:59.570" endtime="20220805 15:25:59.571"/>
</kw>
<status status="FAIL" starttime="20220805 15:25:58.657" endtime="20220805 15:25:59.571">Setup failed:
Execution terminated by signal</status>
</test>
<test id="s1-s1-t2" name="TC2" line="15">
<tag>robot:exit</tag>
<status status="FAIL" starttime="20220805 15:25:59.573" endtime="20220805 15:25:59.573">Test execution stopped due to a fatal error.</status>
</test>
<test id="s1-s1-t3" name="TC3" line="19">
<tag>robot:exit</tag>
<status status="FAIL" starttime="20220805 15:25:59.574" endtime="20220805 15:25:59.574">Test execution stopped due to a fatal error.</status>
</test>
<doc>This suite handles test cases related to valid credential
connected with scenario SC_OH_2 and TC_OH_03</doc>
<status status="FAIL" starttime="20220805 15:25:58.260" endtime="20220805 15:25:59.575"/>
</suite>
<status status="FAIL" starttime="20220805 15:25:58.236" endtime="20220805 15:25:59.576"/>
</suite>
<statistics>
<total>
<stat pass="0" fail="3" skip="0">All Tests</stat>
</total>
<tag>
<stat pass="0" fail="1" skip="0" info="combined" combined="NOT robot:exit">NOT robot:exit</stat>
</tag>
<suite>
<stat pass="0" fail="3" skip="0" id="s1" name="Suites">Suites</stat>
<stat pass="0" fail="3" skip="0" id="s1-s1" name="Verify Invalidcredential Suite Copy">Suites.Verify Invalidcredential Suite Copy</stat>
</suite>
</statistics>
<errors>
</errors>
</robot>
