<?xml version="1.0" encoding="UTF-8"?>
<robot generator="Robot 5.0.1 (Python 3.10.2 on win32)" generated="20220805 15:25:32.028" rpa="false" schemaversion="3">
<suite id="s1" name="Suites">
<suite id="s1-s1" name="Verify Addemployee Suite" source="D:\Mine\Company\Ericsson3\orange_hrm_framework\employee_suite\verify_addemployee_suite.robot">
<test id="s1-s1-t1" name="Verify Add Employee Test" line="14">
<kw name="Launch Browser" library="CommonFunctionalities" type="SETUP">
<kw name="Get Driver Path" library="DriverSetup">
<var>${exec_path}</var>
<arg>browser_name=${BROWSER_NAME}</arg>
<msg timestamp="20220805 15:25:32.887" level="INFO">
</msg>
<msg timestamp="20220805 15:25:32.887" level="INFO">====== WebDriver manager ======</msg>
<msg timestamp="20220805 15:25:35.116" level="INFO">Current google-chrome version is 104.0.5112</msg>
<msg timestamp="20220805 15:25:35.117" level="INFO">Get LATEST chromedriver version for 104.0.5112 google-chrome</msg>
<msg timestamp="20220805 15:25:35.453" level="INFO">There is no [win32] chromedriver for browser 104.0.5112 in cache</msg>
<msg timestamp="20220805 15:25:35.453" level="INFO">Trying to download new driver from https://chromedriver.storage.googleapis.com/104.0.5112.79/chromedriver_win32.zip</msg>
<msg timestamp="20220805 15:25:36.457" level="INFO">Driver has been saved in cache [C:\Users\Balaji\.wdm\drivers\chromedriver\win32\104.0.5112.79]</msg>
<msg timestamp="20220805 15:25:36.458" level="INFO">====== WebDriver manager ======
Current google-chrome version is 104.0.5112
Get LATEST chromedriver version for 104.0.5112 google-chrome
There is no [win32] chromedriver for browser 104.0.5112 in cache
Trying to download new driver from https://chromedriver.storage.googleapis.com/104.0.5112.79/chromedriver_win32.zip
Driver has been saved in cache [C:\Users\Balaji\.wdm\drivers\chromedriver\win32\104.0.5112.79]</msg>
<msg timestamp="20220805 15:25:36.458" level="INFO">${exec_path} = C:\Users\Balaji\.wdm\drivers\chromedriver\win32\104.0.5112.79\chromedriver.exe</msg>
<status status="PASS" starttime="20220805 15:25:32.886" endtime="20220805 15:25:36.458"/>
</kw>
<kw name="Open Browser" library="SeleniumLibrary">
<arg>browser=${BROWSER_NAME}</arg>
<arg>executable_path=${exec_path}</arg>
<doc>Opens a new browser instance to the optional ``url``.</doc>
<msg timestamp="20220805 15:25:36.459" level="INFO">Opening browser 'chrome' to base url 'None'.</msg>
<status status="PASS" starttime="20220805 15:25:36.458" endtime="20220805 15:25:40.334"/>
</kw>
<kw name="Maximize Browser Window" library="SeleniumLibrary">
<doc>Maximizes current browser window.</doc>
<status status="PASS" starttime="20220805 15:25:40.336" endtime="20220805 15:25:40.576"/>
</kw>
<kw name="Set Selenium Implicit Wait" library="SeleniumLibrary">
<arg>30s</arg>
<doc>Sets the implicit wait value used by Selenium.</doc>
<status status="PASS" starttime="20220805 15:25:40.577" endtime="20220805 15:25:40.581"/>
</kw>
<kw name="Set Screenshot Directory" library="SeleniumLibrary">
<arg>path=${EXECDIR}${/}screenshot</arg>
<doc>Sets the directory for captured screenshots.</doc>
<status status="PASS" starttime="20220805 15:25:40.581" endtime="20220805 15:25:40.585"/>
</kw>
<kw name="Go To" library="SeleniumLibrary">
<arg>url=${URL}</arg>
<doc>Navigates the current browser window to the provided ``url``.</doc>
<msg timestamp="20220805 15:25:40.587" level="INFO">Opening url 'https://opensource-demo.orangehrmlive.com/'</msg>
<status status="PASS" starttime="20220805 15:25:40.586" endtime="20220805 15:25:45.927"/>
</kw>
<status status="PASS" starttime="20220805 15:25:32.885" endtime="20220805 15:25:45.928"/>
</kw>
<kw name="Login Into The OrangeHRM" library="LoginPage">
<arg>Admin</arg>
<arg>admin123</arg>
<doc>Login Into The OrangeHRM
Examples
| Login Into The OrangeHRM | Admin | admin123 |</doc>
<kw name="Enter Username" library="LoginPage">
<arg>${username}</arg>
<doc>Types the given text into the username field 
Examples 
| Enter Username | john |
| Enter Username | peter |</doc>
<kw name="Input Text" library="SeleniumLibrary">
<arg>${USERNAME_LOCATOR}</arg>
<arg>${username}</arg>
<doc>Types the given ``text`` into the text field identified by ``locator``.</doc>
<msg timestamp="20220805 15:25:45.932" level="INFO">Typing text 'Admin' into text field 'id=txtUsername'.</msg>
<status status="PASS" starttime="20220805 15:25:45.931" endtime="20220805 15:25:46.057"/>
</kw>
<status status="PASS" starttime="20220805 15:25:45.929" endtime="20220805 15:25:46.058"/>
</kw>
<kw name="Enter Password" library="LoginPage">
<arg>${password}</arg>
<doc>Types the given text into the password field 
Examples 
| Enter Password | john123 |
| Enter Password | peter12 |</doc>
<kw name="Input Password" library="SeleniumLibrary">
<arg>${PASSWORD_LOCATOR}</arg>
<arg>${password}</arg>
<doc>Types the given password into the text field identified by ``locator``.</doc>
<msg timestamp="20220805 15:25:46.062" level="INFO">Typing password into text field 'css=#txtPassword'.</msg>
<msg timestamp="20220805 15:25:46.125" level="INFO">Temporally setting log level to: NONE</msg>
<msg timestamp="20220805 15:25:46.221" level="INFO">Log level changed from NONE to INFO.</msg>
<status status="PASS" starttime="20220805 15:25:46.060" endtime="20220805 15:25:46.221"/>
</kw>
<status status="PASS" starttime="20220805 15:25:46.059" endtime="20220805 15:25:46.222"/>
</kw>
<kw name="Click Login" library="LoginPage">
<doc>Click on login
Examples
| Click Login |</doc>
<kw name="Click Element" library="SeleniumLibrary">
<arg>${LOGIN_LOCATOR}</arg>
<doc>Click the element identified by ``locator``.</doc>
<msg timestamp="20220805 15:25:46.224" level="INFO">Clicking element 'xpath=//input[@name='Submit']'.</msg>
<status status="PASS" starttime="20220805 15:25:46.223" endtime="20220805 15:25:49.609"/>
</kw>
<status status="PASS" starttime="20220805 15:25:46.222" endtime="20220805 15:25:49.611"/>
</kw>
<status status="PASS" starttime="20220805 15:25:45.928" endtime="20220805 15:25:49.614"/>
</kw>
<kw name="Click PIM" library="MainPage">
<kw name="Click Element" library="SeleniumLibrary">
<arg>${PIM_LOCATOR}</arg>
<doc>Click the element identified by ``locator``.</doc>
<msg timestamp="20220805 15:25:49.621" level="INFO">Clicking element 'link=PIM'.</msg>
<status status="PASS" starttime="20220805 15:25:49.619" endtime="20220805 15:25:52.978"/>
</kw>
<status status="PASS" starttime="20220805 15:25:49.615" endtime="20220805 15:25:52.979"/>
</kw>
<kw name="Click Add Employee Menu" library="MainPage">
<kw name="Click Element" library="SeleniumLibrary">
<arg>${ADDEMPLOYEE_LOCATOR}</arg>
<doc>Click the element identified by ``locator``.</doc>
<msg timestamp="20220805 15:25:52.982" level="INFO">Clicking element 'link=Add Employee'.</msg>
<status status="PASS" starttime="20220805 15:25:52.981" endtime="20220805 15:25:54.891"/>
</kw>
<status status="PASS" starttime="20220805 15:25:52.980" endtime="20220805 15:25:54.893"/>
</kw>
<kw name="Enter FirstName" library="AddEmployeePage">
<arg>Jack</arg>
<kw name="Input Text" library="SeleniumLibrary">
<arg>${FIRSTNAME_LOCATOR}</arg>
<arg>${firstname}</arg>
<doc>Types the given ``text`` into the text field identified by ``locator``.</doc>
<msg timestamp="20220805 15:25:54.897" level="INFO">Typing text 'Jack' into text field 'id=firstName'.</msg>
<status status="PASS" starttime="20220805 15:25:54.895" endtime="20220805 15:25:55.018"/>
</kw>
<status status="PASS" starttime="20220805 15:25:54.893" endtime="20220805 15:25:55.018"/>
</kw>
<kw name="Close Browser" library="SeleniumLibrary" type="TEARDOWN">
<doc>Closes the current browser.</doc>
<status status="PASS" starttime="20220805 15:25:55.019" endtime="20220805 15:25:57.282"/>
</kw>
<status status="PASS" starttime="20220805 15:25:32.884" endtime="20220805 15:25:57.283"/>
</test>
<doc>This suite handles test cases related to add employee
connected with scenario SC_OH_09 and TC_OH_017</doc>
<status status="PASS" starttime="20220805 15:25:32.094" endtime="20220805 15:25:57.284"/>
</suite>
<status status="PASS" starttime="20220805 15:25:32.066" endtime="20220805 15:25:57.287"/>
</suite>
<statistics>
<total>
<stat pass="1" fail="0" skip="0">All Tests</stat>
</total>
<tag>
</tag>
<suite>
<stat pass="1" fail="0" skip="0" id="s1" name="Suites">Suites</stat>
<stat pass="1" fail="0" skip="0" id="s1-s1" name="Verify Addemployee Suite">Suites.Verify Addemployee Suite</stat>
</suite>
</statistics>
<errors>
</errors>
</robot>
