<?xml version="1.0" encoding="UTF-8"?>
<robot generator="Robot 5.0.1 (Python 3.10.2 on win32)" generated="20220805 19:09:17.338" rpa="false" schemaversion="3">
<suite id="s1" name="Suites">
<suite id="s1-s1" name="Verify Invalidcredential Suite" source="D:\Mine\Company\Ericsson3\orange_hrm_framework\login_suite\verify_invalidcredential_suite.robot">
<test id="s1-s1-t1" name="TC1" line="16">
<kw name="Launch Browser" library="CommonFunctionalities" type="SETUP">
<kw name="Get Driver Path" library="DriverSetup">
<var>${exec_path}</var>
<arg>browser_name=${BROWSER_NAME}</arg>
<msg timestamp="20220805 19:09:17.924" level="INFO">
</msg>
<msg timestamp="20220805 19:09:17.924" level="INFO">====== WebDriver manager ======</msg>
<msg timestamp="20220805 19:09:19.035" level="INFO">Current google-chrome version is 104.0.5112</msg>
<msg timestamp="20220805 19:09:19.036" level="INFO">Get LATEST chromedriver version for 104.0.5112 google-chrome</msg>
<msg timestamp="20220805 19:09:19.599" level="INFO">Driver [C:\Users\Balaji\.wdm\drivers\chromedriver\win32\104.0.5112.79\chromedriver.exe] found in cache</msg>
<msg timestamp="20220805 19:09:19.600" level="INFO">====== WebDriver manager ======
Current google-chrome version is 104.0.5112
Get LATEST chromedriver version for 104.0.5112 google-chrome
Driver [C:\Users\Balaji\.wdm\drivers\chromedriver\win32\104.0.5112.79\chromedriver.exe] found in cache</msg>
<msg timestamp="20220805 19:09:19.600" level="INFO">${exec_path} = C:\Users\Balaji\.wdm\drivers\chromedriver\win32\104.0.5112.79\chromedriver.exe</msg>
<status status="PASS" starttime="20220805 19:09:17.923" endtime="20220805 19:09:19.601"/>
</kw>
<kw name="Open Browser" library="SeleniumLibrary">
<arg>browser=${BROWSER_NAME}</arg>
<arg>executable_path=${exec_path}</arg>
<doc>Opens a new browser instance to the optional ``url``.</doc>
<msg timestamp="20220805 19:09:19.603" level="INFO">Opening browser 'chrome' to base url 'None'.</msg>
<status status="PASS" starttime="20220805 19:09:19.601" endtime="20220805 19:09:23.989"/>
</kw>
<kw name="Maximize Browser Window" library="SeleniumLibrary">
<doc>Maximizes current browser window.</doc>
<status status="PASS" starttime="20220805 19:09:23.990" endtime="20220805 19:09:24.270"/>
</kw>
<kw name="Set Selenium Implicit Wait" library="SeleniumLibrary">
<arg>30s</arg>
<doc>Sets the implicit wait value used by Selenium.</doc>
<status status="PASS" starttime="20220805 19:09:24.271" endtime="20220805 19:09:24.277"/>
</kw>
<kw name="Set Screenshot Directory" library="SeleniumLibrary">
<arg>path=${EXECDIR}${/}screenshot</arg>
<doc>Sets the directory for captured screenshots.</doc>
<status status="PASS" starttime="20220805 19:09:24.277" endtime="20220805 19:09:24.279"/>
</kw>
<kw name="Go To" library="SeleniumLibrary">
<arg>url=${URL}</arg>
<doc>Navigates the current browser window to the provided ``url``.</doc>
<msg timestamp="20220805 19:09:24.281" level="INFO">Opening url 'https://opensource-demo.orangehrmlive.com/'</msg>
<status status="PASS" starttime="20220805 19:09:24.280" endtime="20220805 19:09:29.228"/>
</kw>
<status status="PASS" starttime="20220805 19:09:17.922" endtime="20220805 19:09:29.229"/>
</kw>
<kw name="Verify Invalid Credential Template">
<arg>John</arg>
<arg>John123</arg>
<arg>Invalid credentials</arg>
<kw name="Log" library="BuiltIn">
<arg>Code in ${BROWSER_NAME}</arg>
<doc>Logs the given message with the given level.</doc>
<msg timestamp="20220805 19:09:29.231" level="INFO">Code in chrome</msg>
<status status="PASS" starttime="20220805 19:09:29.230" endtime="20220805 19:09:29.231"/>
</kw>
<kw name="Enter Username" library="LoginPage">
<arg>${username}</arg>
<doc>Types the given text into the username field 
Examples 
| Enter Username | john |
| Enter Username | peter |</doc>
<kw name="Input Text" library="SeleniumLibrary">
<arg>${USERNAME_LOCATOR}</arg>
<arg>${username}</arg>
<doc>Types the given ``text`` into the text field identified by ``locator``.</doc>
<msg timestamp="20220805 19:09:29.234" level="INFO">Typing text 'John' into text field 'id=txtUsername'.</msg>
<status status="PASS" starttime="20220805 19:09:29.232" endtime="20220805 19:09:29.466"/>
</kw>
<status status="PASS" starttime="20220805 19:09:29.231" endtime="20220805 19:09:29.467"/>
</kw>
<kw name="Enter Password" library="LoginPage">
<arg>${password}</arg>
<doc>Types the given text into the password field 
Examples 
| Enter Password | john123 |
| Enter Password | peter12 |</doc>
<kw name="Input Password" library="SeleniumLibrary">
<arg>${PASSWORD_LOCATOR}</arg>
<arg>${password}</arg>
<doc>Types the given password into the text field identified by ``locator``.</doc>
<msg timestamp="20220805 19:09:29.469" level="INFO">Typing password into text field 'css=#txtPassword'.</msg>
<msg timestamp="20220805 19:09:29.539" level="INFO">Temporally setting log level to: NONE</msg>
<msg timestamp="20220805 19:09:29.701" level="INFO">Log level changed from NONE to INFO.</msg>
<status status="PASS" starttime="20220805 19:09:29.468" endtime="20220805 19:09:29.702"/>
</kw>
<status status="PASS" starttime="20220805 19:09:29.467" endtime="20220805 19:09:29.702"/>
</kw>
<kw name="Click Login" library="LoginPage">
<doc>Click on login
Examples
| Click Login |</doc>
<kw name="Click Element" library="SeleniumLibrary">
<arg>${LOGIN_LOCATOR}</arg>
<doc>Click the element identified by ``locator``.</doc>
<msg timestamp="20220805 19:09:29.706" level="INFO">Clicking element 'xpath=//input[@name='Submit']'.</msg>
<status status="PASS" starttime="20220805 19:09:29.705" endtime="20220805 19:09:31.242"/>
</kw>
<status status="PASS" starttime="20220805 19:09:29.703" endtime="20220805 19:09:31.243"/>
</kw>
<kw name="Validate Error Message" library="LoginPage">
<arg>${expected_error}</arg>
<doc>Validate the error message shown on the login field
Examples
| Validate Error Message | Invalid Credentials |
| Validate Error Message | Username cannot be empty |</doc>
<kw name="Element Text Should Be" library="SeleniumLibrary">
<arg>${ERROR_LOCATOR}</arg>
<arg>${expected_error}</arg>
<doc>Verifies that element ``locator`` contains exact the text ``expected``.</doc>
<msg timestamp="20220805 19:09:31.247" level="INFO">Verifying element 'id=spanMessage' contains exact text 'Invalid credentials'.</msg>
<status status="PASS" starttime="20220805 19:09:31.246" endtime="20220805 19:09:31.287"/>
</kw>
<status status="PASS" starttime="20220805 19:09:31.244" endtime="20220805 19:09:31.288"/>
</kw>
<status status="PASS" starttime="20220805 19:09:29.229" endtime="20220805 19:09:31.288"/>
</kw>
<kw name="Run Keywords" library="BuiltIn" type="TEARDOWN">
<arg>Capture Page Screenshot</arg>
<arg>AND</arg>
<arg>Close Browser</arg>
<doc>Executes all the given keywords in a sequence.</doc>
<kw name="Capture Page Screenshot" library="SeleniumLibrary">
<doc>Takes a screenshot of the current page and embeds it into a log file.</doc>
<msg timestamp="20220805 19:09:31.566" level="INFO" html="true">&lt;/td&gt;&lt;/tr&gt;&lt;tr&gt;&lt;td colspan="3"&gt;&lt;a href="../../screenshot/selenium-screenshot-15.png"&gt;&lt;img src="../../screenshot/selenium-screenshot-15.png" width="800px"&gt;&lt;/a&gt;</msg>
<status status="PASS" starttime="20220805 19:09:31.289" endtime="20220805 19:09:31.566"/>
</kw>
<kw name="Close Browser" library="SeleniumLibrary">
<doc>Closes the current browser.</doc>
<msg timestamp="20220805 19:09:34.086" level="ERROR">When closing browser, received exception: Execution terminated by signal</msg>
<msg timestamp="20220805 19:09:34.087" level="INFO">Cannot capture screenshot because no browser is open.</msg>
<status status="FAIL" starttime="20220805 19:09:31.566" endtime="20220805 19:09:34.087"/>
</kw>
<status status="FAIL" starttime="20220805 19:09:31.288" endtime="20220805 19:09:34.087">Execution terminated by signal</status>
</kw>
<tag>alwaysrun</tag>
<tag>invalid</tag>
<status status="FAIL" starttime="20220805 19:09:17.920" endtime="20220805 19:09:34.088">Teardown failed:
Execution terminated by signal</status>
</test>
<test id="s1-s1-t2" name="TC2" line="17">
<tag>alwaysrun</tag>
<tag>invalid</tag>
<tag>robot:exit</tag>
<status status="FAIL" starttime="20220805 19:09:34.091" endtime="20220805 19:09:34.093">Test execution stopped due to a fatal error.</status>
</test>
<test id="s1-s1-t3" name="TC3" line="18">
<tag>alwaysrun</tag>
<tag>invalid</tag>
<tag>robot:exit</tag>
<status status="FAIL" starttime="20220805 19:09:34.093" endtime="20220805 19:09:34.095">Test execution stopped due to a fatal error.</status>
</test>
<test id="s1-s1-t4" name="TC4" line="19">
<tag>alwaysrun</tag>
<tag>invalid</tag>
<tag>robot:exit</tag>
<status status="FAIL" starttime="20220805 19:09:34.095" endtime="20220805 19:09:34.096">Test execution stopped due to a fatal error.</status>
</test>
<doc>This suite handles test cases related to valid credential
connected with scenario SC_OH_2 and TC_OH_03</doc>
<status status="FAIL" starttime="20220805 19:09:17.381" endtime="20220805 19:09:34.098"/>
</suite>
<status status="FAIL" starttime="20220805 19:09:17.352" endtime="20220805 19:09:34.101"/>
</suite>
<statistics>
<total>
<stat pass="0" fail="4" skip="0">All Tests</stat>
</total>
<tag>
<stat pass="0" fail="1" skip="0" info="combined" combined="NOT robot:exit">NOT robot:exit</stat>
<stat pass="0" fail="4" skip="0">alwaysrun</stat>
<stat pass="0" fail="4" skip="0">invalid</stat>
</tag>
<suite>
<stat pass="0" fail="4" skip="0" id="s1" name="Suites">Suites</stat>
<stat pass="0" fail="4" skip="0" id="s1-s1" name="Verify Invalidcredential Suite">Suites.Verify Invalidcredential Suite</stat>
</suite>
</statistics>
<errors>
<msg timestamp="20220805 19:09:34.086" level="ERROR">When closing browser, received exception: Execution terminated by signal</msg>
</errors>
</robot>
